Build started 26/07/2020 16:19:11.
     1>Project "D:\GitHub\asteroids\asteroids\asteroids.vcxproj" on node 2 (Build target(s)).
     1>ClCompile:
         C:\Program Files (x86)\Microsoft Visual Studio 11.0\VC\bin\CL.exe /c /I"D:\SFML-2.4.0(Win32 - Visual Studio 2012)\include" /ZI /nologo /W3 /WX- /Od /Oy- /D WIN32 /D _DEBUG /D _CONSOLE /D _UNICODE /D UNICODE /Gm /EHsc /RTC1 /MDd /GS /fp:precise /Zc:wchar_t /Zc:forScope /Fo"Debug\\" /Fd"Debug\vc110.pdb" /Gd /TP /analyze- /errorReport:prompt main.cpp
         main.cpp
     1>d:\github\asteroids\asteroids\main.cpp(30): warning C4018: '<' : signed/unsigned mismatch
     1>d:\github\asteroids\asteroids\main.cpp(53): warning C4018: '<' : signed/unsigned mismatch
     1>d:\github\asteroids\asteroids\main.cpp(60): warning C4018: '<' : signed/unsigned mismatch
     1>d:\github\asteroids\asteroids\main.cpp(116): warning C4018: '<' : signed/unsigned mismatch
     1>d:\github\asteroids\asteroids\main.cpp(120): warning C4244: '=' : conversion from 'int' to 'float', possible loss of data
     1>d:\github\asteroids\asteroids\main.cpp(147): warning C4244: '=' : conversion from 'int' to 'float', possible loss of data
     1>d:\github\asteroids\asteroids\main.cpp(181): warning C4018: '<' : signed/unsigned mismatch
     1>d:\github\asteroids\asteroids\main.cpp(185): warning C4244: '=' : conversion from 'int' to 'float', possible loss of data
     1>d:\github\asteroids\asteroids\main.cpp(212): warning C4244: '=' : conversion from 'int' to 'float', possible loss of data
     1>d:\github\asteroids\asteroids\main.cpp(245): warning C4244: 'argument' : conversion from 'time_t' to 'unsigned int', possible loss of data
     1>d:\github\asteroids\asteroids\main.cpp(318): warning C4244: '=' : conversion from 'int' to 'float', possible loss of data
     1>d:\github\asteroids\asteroids\main.cpp(319): warning C4244: '=' : conversion from 'int' to 'float', possible loss of data
       Link:
         C:\Program Files (x86)\Microsoft Visual Studio 11.0\VC\bin\link.exe /ERRORREPORT:PROMPT /OUT:"D:\GitHub\asteroids\Debug\asteroids.exe" /INCREMENTAL /NOLOGO /LIBPATH:"D:\SFML-2.4.0(Win32 - Visual Studio 2012)\lib" "sfml-system-d.lib" "sfml-graphics-d.lib" "sfml-audio-d.lib" "sfml-network-d.lib" "sfml-window-d.lib" kernel32.lib user32.lib gdi32.lib winspool.lib comdlg32.lib advapi32.lib shell32.lib ole32.lib oleaut32.lib uuid.lib odbc32.lib odbccp32.lib kernel32.lib user32.lib gdi32.lib winspool.lib comdlg32.lib advapi32.lib shell32.lib ole32.lib oleaut32.lib uuid.lib odbc32.lib odbccp32.lib /MANIFEST /MANIFESTUAC:"level='asInvoker' uiAccess='false'" /manifest:embed /DEBUG /PDB:"D:\GitHub\asteroids\Debug\asteroids.pdb" /SUBSYSTEM:CONSOLE /TLBID:1 /DYNAMICBASE /NXCOMPAT /IMPLIB:"D:\GitHub\asteroids\Debug\asteroids.lib" /MACHINE:X86 Debug\bullet.obj
         Debug\collision.obj
         Debug\enemy.obj
         Debug\main.obj
         Debug\Player.obj
         Debug\powerup.obj
         Debug\ship.obj
         asteroids.vcxproj -> D:\GitHub\asteroids\Debug\asteroids.exe
     1>Done Building Project "D:\GitHub\asteroids\asteroids\asteroids.vcxproj" (Build target(s)).

Build succeeded.

Time Elapsed 00:00:01.75
